<?xml version="1.0" encoding="UTF-8"?>
<testsuite name="skysail.product.prototypr.dsl.tests.ApplicationParsingTest" tests="1" skipped="0" failures="0" errors="0" timestamp="2016-09-19T12:01:10" hostname="PC-KVB-WIN74459" time="1.605">
  <properties/>
  <testcase name="loadModel" classname="skysail.product.prototypr.dsl.tests.ApplicationParsingTest" time="1.605"/>
  <system-out><![CDATA[]]></system-out>
  <system-err><![CDATA[]]></system-err>
</testsuite>
